mode: atomic
github.com/natanaelrusli/go-bank/token/jwt_maker.go:17.51,18.39 1 4
github.com/natanaelrusli/go-bank/token/jwt_maker.go:18.39,20.3 1 1
github.com/natanaelrusli/go-bank/token/jwt_maker.go:22.2,22.34 1 3
github.com/natanaelrusli/go-bank/token/jwt_maker.go:25.93,27.16 2 2
github.com/natanaelrusli/go-bank/token/jwt_maker.go:27.16,29.3 1 0
github.com/natanaelrusli/go-bank/token/jwt_maker.go:31.2,32.55 2 2
github.com/natanaelrusli/go-bank/token/jwt_maker.go:35.68,36.57 1 3
github.com/natanaelrusli/go-bank/token/jwt_maker.go:36.57,38.10 2 3
github.com/natanaelrusli/go-bank/token/jwt_maker.go:38.10,40.4 1 1
github.com/natanaelrusli/go-bank/token/jwt_maker.go:41.3,41.38 1 2
github.com/natanaelrusli/go-bank/token/jwt_maker.go:44.2,45.16 2 3
github.com/natanaelrusli/go-bank/token/jwt_maker.go:45.16,47.51 2 2
github.com/natanaelrusli/go-bank/token/jwt_maker.go:47.51,49.4 1 1
github.com/natanaelrusli/go-bank/token/jwt_maker.go:50.3,50.30 1 1
github.com/natanaelrusli/go-bank/token/jwt_maker.go:53.2,54.9 2 1
github.com/natanaelrusli/go-bank/token/jwt_maker.go:54.9,56.3 1 0
github.com/natanaelrusli/go-bank/token/jwt_maker.go:58.2,58.21 1 1
github.com/natanaelrusli/go-bank/token/paseto_maker.go:16.56,17.50 1 2
github.com/natanaelrusli/go-bank/token/paseto_maker.go:17.50,19.3 1 0
github.com/natanaelrusli/go-bank/token/paseto_maker.go:21.2,26.19 2 2
github.com/natanaelrusli/go-bank/token/paseto_maker.go:29.96,31.16 2 2
github.com/natanaelrusli/go-bank/token/paseto_maker.go:31.16,33.3 1 0
github.com/natanaelrusli/go-bank/token/paseto_maker.go:35.2,35.62 1 2
github.com/natanaelrusli/go-bank/token/paseto_maker.go:38.71,42.16 3 2
github.com/natanaelrusli/go-bank/token/paseto_maker.go:42.16,44.3 1 0
github.com/natanaelrusli/go-bank/token/paseto_maker.go:46.2,47.16 2 2
github.com/natanaelrusli/go-bank/token/paseto_maker.go:47.16,49.3 1 1
github.com/natanaelrusli/go-bank/token/paseto_maker.go:51.2,51.21 1 1
github.com/natanaelrusli/go-bank/token/payload.go:22.76,24.16 2 5
github.com/natanaelrusli/go-bank/token/payload.go:24.16,26.3 1 0
github.com/natanaelrusli/go-bank/token/payload.go:28.2,36.21 2 5
github.com/natanaelrusli/go-bank/token/payload.go:39.39,40.41 1 4
github.com/natanaelrusli/go-bank/token/payload.go:40.41,42.3 1 2
github.com/natanaelrusli/go-bank/token/payload.go:43.2,43.12 1 2
github.com/natanaelrusli/go-bank/util/config.go:11.57,19.16 6 0
github.com/natanaelrusli/go-bank/util/config.go:19.16,21.3 1 0
github.com/natanaelrusli/go-bank/util/config.go:23.2,24.8 2 0
github.com/natanaelrusli/go-bank/util/currency.go:10.48,11.18 1 0
github.com/natanaelrusli/go-bank/util/currency.go:12.26,13.14 1 0
github.com/natanaelrusli/go-bank/util/currency.go:15.2,15.14 1 0
github.com/natanaelrusli/go-bank/util/password.go:9.52,12.16 2 0
github.com/natanaelrusli/go-bank/util/password.go:12.16,14.3 1 0
github.com/natanaelrusli/go-bank/util/password.go:16.2,16.36 1 0
github.com/natanaelrusli/go-bank/util/password.go:19.66,21.2 1 0
github.com/natanaelrusli/go-bank/util/random.go:10.13,12.2 1 0
github.com/natanaelrusli/go-bank/util/random.go:14.38,16.2 1 0
github.com/natanaelrusli/go-bank/util/random.go:20.33,24.25 3 11
github.com/natanaelrusli/go-bank/util/random.go:24.25,27.3 2 220
github.com/natanaelrusli/go-bank/util/random.go:29.2,29.20 1 11
github.com/natanaelrusli/go-bank/util/random.go:32.27,34.2 1 5
github.com/natanaelrusli/go-bank/util/random.go:36.26,38.2 1 0
github.com/natanaelrusli/go-bank/util/random.go:40.30,44.2 3 0
github.com/natanaelrusli/go-bank/util/random.go:46.27,48.2 1 0
github.com/natanaelrusli/go-bank/api/account.go:27.55,30.49 2 0
github.com/natanaelrusli/go-bank/api/account.go:30.49,33.3 2 0
github.com/natanaelrusli/go-bank/api/account.go:35.2,42.16 3 0
github.com/natanaelrusli/go-bank/api/account.go:42.16,43.39 1 0
github.com/natanaelrusli/go-bank/api/account.go:43.39,44.29 1 0
github.com/natanaelrusli/go-bank/api/account.go:45.53,47.11 2 0
github.com/natanaelrusli/go-bank/api/account.go:50.3,51.9 2 0
github.com/natanaelrusli/go-bank/api/account.go:54.2,54.34 1 0
github.com/natanaelrusli/go-bank/api/account.go:57.52,59.48 2 4
github.com/natanaelrusli/go-bank/api/account.go:59.48,62.3 2 1
github.com/natanaelrusli/go-bank/api/account.go:64.2,65.16 2 3
github.com/natanaelrusli/go-bank/api/account.go:65.16,66.27 1 2
github.com/natanaelrusli/go-bank/api/account.go:66.27,68.4 1 1
github.com/natanaelrusli/go-bank/api/account.go:70.3,71.9 2 2
github.com/natanaelrusli/go-bank/api/account.go:74.2,74.34 1 1
github.com/natanaelrusli/go-bank/api/account.go:77.53,79.50 2 0
github.com/natanaelrusli/go-bank/api/account.go:79.50,82.3 2 0
github.com/natanaelrusli/go-bank/api/account.go:84.2,90.16 3 0
github.com/natanaelrusli/go-bank/api/account.go:90.16,93.3 2 0
github.com/natanaelrusli/go-bank/api/account.go:95.2,95.35 1 0
github.com/natanaelrusli/go-bank/api/account.go:98.37,100.2 1 8
github.com/natanaelrusli/go-bank/api/server.go:15.40,19.67 3 9
github.com/natanaelrusli/go-bank/api/server.go:19.67,21.3 1 9
github.com/natanaelrusli/go-bank/api/server.go:23.2,32.15 7 9
github.com/natanaelrusli/go-bank/api/server.go:35.51,37.2 1 0
github.com/natanaelrusli/go-bank/api/transfer.go:19.56,22.49 2 0
github.com/natanaelrusli/go-bank/api/transfer.go:22.49,25.3 2 0
github.com/natanaelrusli/go-bank/api/transfer.go:27.2,27.64 1 0
github.com/natanaelrusli/go-bank/api/transfer.go:27.64,29.3 1 0
github.com/natanaelrusli/go-bank/api/transfer.go:31.2,31.62 1 0
github.com/natanaelrusli/go-bank/api/transfer.go:31.62,33.3 1 0
github.com/natanaelrusli/go-bank/api/transfer.go:35.2,42.16 3 0
github.com/natanaelrusli/go-bank/api/transfer.go:42.16,45.3 2 0
github.com/natanaelrusli/go-bank/api/transfer.go:47.2,47.37 1 0
github.com/natanaelrusli/go-bank/api/transfer.go:50.93,52.16 2 0
github.com/natanaelrusli/go-bank/api/transfer.go:52.16,53.27 1 0
github.com/natanaelrusli/go-bank/api/transfer.go:53.27,56.4 2 0
github.com/natanaelrusli/go-bank/api/transfer.go:58.3,58.48 1 0
github.com/natanaelrusli/go-bank/api/transfer.go:61.2,61.34 1 0
github.com/natanaelrusli/go-bank/api/transfer.go:61.34,65.3 3 0
github.com/natanaelrusli/go-bank/api/transfer.go:67.2,67.13 1 0
github.com/natanaelrusli/go-bank/api/user.go:27.52,30.49 2 5
github.com/natanaelrusli/go-bank/api/user.go:30.49,33.3 2 3
github.com/natanaelrusli/go-bank/api/user.go:35.2,37.16 2 2
github.com/natanaelrusli/go-bank/api/user.go:37.16,39.3 1 0
github.com/natanaelrusli/go-bank/api/user.go:41.2,49.16 3 2
github.com/natanaelrusli/go-bank/api/user.go:49.16,50.39 1 1
github.com/natanaelrusli/go-bank/api/user.go:50.39,51.29 1 1
github.com/natanaelrusli/go-bank/api/user.go:52.53,54.11 2 1
github.com/natanaelrusli/go-bank/api/user.go:57.3,58.9 2 0
github.com/natanaelrusli/go-bank/api/user.go:61.2,68.31 2 1
github.com/natanaelrusli/go-bank/api/validator.go:8.79,9.65 1 0
github.com/natanaelrusli/go-bank/api/validator.go:9.65,11.3 1 0
github.com/natanaelrusli/go-bank/api/validator.go:12.2,12.14 1 0
github.com/natanaelrusli/go-bank/db/mock/store.go:27.55,31.2 3 9
github.com/natanaelrusli/go-bank/db/mock/store.go:34.53,36.2 1 9
github.com/natanaelrusli/go-bank/db/mock/store.go:39.114,45.2 5 0
github.com/natanaelrusli/go-bank/db/mock/store.go:48.89,51.2 2 0
github.com/natanaelrusli/go-bank/db/mock/store.go:54.106,60.2 5 0
github.com/natanaelrusli/go-bank/db/mock/store.go:63.85,66.2 2 0
github.com/natanaelrusli/go-bank/db/mock/store.go:69.100,75.2 5 0
github.com/natanaelrusli/go-bank/db/mock/store.go:78.83,81.2 2 0
github.com/natanaelrusli/go-bank/db/mock/store.go:84.109,90.2 5 0
github.com/natanaelrusli/go-bank/db/mock/store.go:93.86,96.2 2 0
github.com/natanaelrusli/go-bank/db/mock/store.go:99.97,105.2 5 2
github.com/natanaelrusli/go-bank/db/mock/store.go:108.82,111.2 2 5
github.com/natanaelrusli/go-bank/db/mock/store.go:114.75,119.2 4 0
github.com/natanaelrusli/go-bank/db/mock/store.go:122.85,125.2 2 0
github.com/natanaelrusli/go-bank/db/mock/store.go:128.73,133.2 4 0
github.com/natanaelrusli/go-bank/db/mock/store.go:136.83,139.2 2 0
github.com/natanaelrusli/go-bank/db/mock/store.go:142.86,148.2 5 3
github.com/natanaelrusli/go-bank/db/mock/store.go:151.82,154.2 2 4
github.com/natanaelrusli/go-bank/db/mock/store.go:157.95,163.2 5 0
github.com/natanaelrusli/go-bank/db/mock/store.go:166.91,169.2 2 0
github.com/natanaelrusli/go-bank/db/mock/store.go:172.82,178.2 5 0
github.com/natanaelrusli/go-bank/db/mock/store.go:181.80,184.2 2 0
github.com/natanaelrusli/go-bank/db/mock/store.go:187.88,193.2 5 0
github.com/natanaelrusli/go-bank/db/mock/store.go:196.83,199.2 2 0
github.com/natanaelrusli/go-bank/db/mock/store.go:202.81,208.2 5 0
github.com/natanaelrusli/go-bank/db/mock/store.go:211.79,214.2 2 0
github.com/natanaelrusli/go-bank/db/mock/store.go:217.106,223.2 5 0
github.com/natanaelrusli/go-bank/db/mock/store.go:226.84,229.2 2 0
github.com/natanaelrusli/go-bank/db/mock/store.go:232.102,238.2 5 0
github.com/natanaelrusli/go-bank/db/mock/store.go:241.83,244.2 2 0
github.com/natanaelrusli/go-bank/db/mock/store.go:247.109,253.2 5 0
github.com/natanaelrusli/go-bank/db/mock/store.go:256.85,259.2 2 0
github.com/natanaelrusli/go-bank/db/mock/store.go:262.101,268.2 5 0
github.com/natanaelrusli/go-bank/db/mock/store.go:271.79,274.2 2 0
github.com/natanaelrusli/go-bank/db/mock/store.go:277.109,283.2 5 0
github.com/natanaelrusli/go-bank/db/mock/store.go:286.82,289.2 2 0
github.com/natanaelrusli/go-bank/db/mock/store.go:292.106,298.2 5 0
github.com/natanaelrusli/go-bank/db/mock/store.go:301.85,304.2 2 0
github.com/natanaelrusli/go-bank/db/sqlc/account.sql.go:22.104,33.2 4 0
github.com/natanaelrusli/go-bank/db/sqlc/account.sql.go:51.96,62.2 4 0
github.com/natanaelrusli/go-bank/db/sqlc/account.sql.go:69.70,72.2 2 0
github.com/natanaelrusli/go-bank/db/sqlc/account.sql.go:79.78,90.2 4 0
github.com/natanaelrusli/go-bank/db/sqlc/account.sql.go:98.87,109.2 4 0
github.com/natanaelrusli/go-bank/db/sqlc/account.sql.go:123.96,125.16 2 0
github.com/natanaelrusli/go-bank/db/sqlc/account.sql.go:125.16,127.3 1 0
github.com/natanaelrusli/go-bank/db/sqlc/account.sql.go:128.2,130.18 3 0
github.com/natanaelrusli/go-bank/db/sqlc/account.sql.go:130.18,138.17 2 0
github.com/natanaelrusli/go-bank/db/sqlc/account.sql.go:138.17,140.4 1 0
github.com/natanaelrusli/go-bank/db/sqlc/account.sql.go:141.3,141.27 1 0
github.com/natanaelrusli/go-bank/db/sqlc/account.sql.go:143.2,143.37 1 0
github.com/natanaelrusli/go-bank/db/sqlc/account.sql.go:143.37,145.3 1 0
github.com/natanaelrusli/go-bank/db/sqlc/account.sql.go:146.2,146.35 1 0
github.com/natanaelrusli/go-bank/db/sqlc/account.sql.go:146.35,148.3 1 0
github.com/natanaelrusli/go-bank/db/sqlc/account.sql.go:149.2,149.19 1 0
github.com/natanaelrusli/go-bank/db/sqlc/account.sql.go:164.96,175.2 4 0
github.com/natanaelrusli/go-bank/db/sqlc/db.go:17.28,19.2 1 0
github.com/natanaelrusli/go-bank/db/sqlc/db.go:25.47,29.2 1 0
github.com/natanaelrusli/go-bank/db/sqlc/entries.sql.go:24.90,34.2 4 0
github.com/natanaelrusli/go-bank/db/sqlc/entries.sql.go:41.68,44.2 2 0
github.com/natanaelrusli/go-bank/db/sqlc/entries.sql.go:51.74,61.2 4 0
github.com/natanaelrusli/go-bank/db/sqlc/entries.sql.go:75.92,77.16 2 0
github.com/natanaelrusli/go-bank/db/sqlc/entries.sql.go:77.16,79.3 1 0
github.com/natanaelrusli/go-bank/db/sqlc/entries.sql.go:80.2,82.18 3 0
github.com/natanaelrusli/go-bank/db/sqlc/entries.sql.go:82.18,89.17 2 0
github.com/natanaelrusli/go-bank/db/sqlc/entries.sql.go:89.17,91.4 1 0
github.com/natanaelrusli/go-bank/db/sqlc/entries.sql.go:92.3,92.27 1 0
github.com/natanaelrusli/go-bank/db/sqlc/entries.sql.go:94.2,94.37 1 0
github.com/natanaelrusli/go-bank/db/sqlc/entries.sql.go:94.37,96.3 1 0
github.com/natanaelrusli/go-bank/db/sqlc/entries.sql.go:97.2,97.35 1 0
github.com/natanaelrusli/go-bank/db/sqlc/entries.sql.go:97.35,99.3 1 0
github.com/natanaelrusli/go-bank/db/sqlc/entries.sql.go:100.2,100.19 1 0
github.com/natanaelrusli/go-bank/db/sqlc/store.go:20.33,25.2 1 0
github.com/natanaelrusli/go-bank/db/sqlc/store.go:27.83,29.16 2 0
github.com/natanaelrusli/go-bank/db/sqlc/store.go:29.16,31.3 1 0
github.com/natanaelrusli/go-bank/db/sqlc/store.go:33.2,36.16 3 0
github.com/natanaelrusli/go-bank/db/sqlc/store.go:36.16,37.43 1 0
github.com/natanaelrusli/go-bank/db/sqlc/store.go:37.43,39.4 1 0
github.com/natanaelrusli/go-bank/db/sqlc/store.go:42.2,42.20 1 0
github.com/natanaelrusli/go-bank/db/sqlc/store.go:74.104,77.50 2 0
github.com/natanaelrusli/go-bank/db/sqlc/store.go:77.50,84.17 4 0
github.com/natanaelrusli/go-bank/db/sqlc/store.go:84.17,86.4 1 0
github.com/natanaelrusli/go-bank/db/sqlc/store.go:88.3,94.17 3 0
github.com/natanaelrusli/go-bank/db/sqlc/store.go:94.17,96.4 1 0
github.com/natanaelrusli/go-bank/db/sqlc/store.go:98.3,104.17 3 0
github.com/natanaelrusli/go-bank/db/sqlc/store.go:104.17,106.4 1 0
github.com/natanaelrusli/go-bank/db/sqlc/store.go:108.3,108.42 1 0
github.com/natanaelrusli/go-bank/db/sqlc/store.go:108.42,110.4 1 0
github.com/natanaelrusli/go-bank/db/sqlc/store.go:110.9,112.4 1 0
github.com/natanaelrusli/go-bank/db/sqlc/store.go:114.3,114.13 1 0
github.com/natanaelrusli/go-bank/db/sqlc/store.go:117.2,117.20 1 0
github.com/natanaelrusli/go-bank/db/sqlc/store.go:120.96,123.50 2 0
github.com/natanaelrusli/go-bank/db/sqlc/store.go:123.50,127.3 2 0
github.com/natanaelrusli/go-bank/db/sqlc/store.go:129.2,129.16 1 0
github.com/natanaelrusli/go-bank/db/sqlc/store.go:129.16,131.3 1 0
github.com/natanaelrusli/go-bank/db/sqlc/store.go:133.2,133.20 1 0
github.com/natanaelrusli/go-bank/db/sqlc/store.go:143.51,148.16 2 0
github.com/natanaelrusli/go-bank/db/sqlc/store.go:148.16,150.3 1 0
github.com/natanaelrusli/go-bank/db/sqlc/store.go:152.2,157.8 2 0
github.com/natanaelrusli/go-bank/db/sqlc/transfers.sql.go:26.99,37.2 4 0
github.com/natanaelrusli/go-bank/db/sqlc/transfers.sql.go:44.80,55.2 4 0
github.com/natanaelrusli/go-bank/db/sqlc/transfers.sql.go:69.99,71.16 2 0
github.com/natanaelrusli/go-bank/db/sqlc/transfers.sql.go:71.16,73.3 1 0
github.com/natanaelrusli/go-bank/db/sqlc/transfers.sql.go:74.2,76.18 3 0
github.com/natanaelrusli/go-bank/db/sqlc/transfers.sql.go:76.18,84.17 2 0
github.com/natanaelrusli/go-bank/db/sqlc/transfers.sql.go:84.17,86.4 1 0
github.com/natanaelrusli/go-bank/db/sqlc/transfers.sql.go:87.3,87.27 1 0
github.com/natanaelrusli/go-bank/db/sqlc/transfers.sql.go:89.2,89.37 1 0
github.com/natanaelrusli/go-bank/db/sqlc/transfers.sql.go:89.37,91.3 1 0
github.com/natanaelrusli/go-bank/db/sqlc/transfers.sql.go:92.2,92.35 1 0
github.com/natanaelrusli/go-bank/db/sqlc/transfers.sql.go:92.35,94.3 1 0
github.com/natanaelrusli/go-bank/db/sqlc/transfers.sql.go:95.2,95.19 1 0
github.com/natanaelrusli/go-bank/db/sqlc/users.sql.go:28.87,45.2 4 0
github.com/natanaelrusli/go-bank/db/sqlc/users.sql.go:52.79,64.2 4 0
github.com/natanaelrusli/go-bank/util/config.go:11.57,19.16 6 0
github.com/natanaelrusli/go-bank/util/config.go:19.16,21.3 1 0
github.com/natanaelrusli/go-bank/util/config.go:23.2,24.8 2 0
github.com/natanaelrusli/go-bank/util/currency.go:10.48,11.18 1 0
github.com/natanaelrusli/go-bank/util/currency.go:12.26,13.14 1 0
github.com/natanaelrusli/go-bank/util/currency.go:15.2,15.14 1 0
github.com/natanaelrusli/go-bank/util/password.go:9.52,12.16 2 4
github.com/natanaelrusli/go-bank/util/password.go:12.16,14.3 1 0
github.com/natanaelrusli/go-bank/util/password.go:16.2,16.36 1 4
github.com/natanaelrusli/go-bank/util/password.go:19.66,21.2 1 1
github.com/natanaelrusli/go-bank/util/random.go:10.13,12.2 1 0
github.com/natanaelrusli/go-bank/util/random.go:14.38,16.2 1 2
github.com/natanaelrusli/go-bank/util/random.go:20.33,24.25 3 5
github.com/natanaelrusli/go-bank/util/random.go:24.25,27.3 2 36
github.com/natanaelrusli/go-bank/util/random.go:29.2,29.20 1 5
github.com/natanaelrusli/go-bank/util/random.go:32.27,34.2 1 3
github.com/natanaelrusli/go-bank/util/random.go:36.26,38.2 1 1
github.com/natanaelrusli/go-bank/util/random.go:40.30,44.2 3 1
github.com/natanaelrusli/go-bank/util/random.go:46.27,48.2 1 1
github.com/natanaelrusli/go-bank/util/config.go:11.57,19.16 6 0
github.com/natanaelrusli/go-bank/util/config.go:19.16,21.3 1 0
github.com/natanaelrusli/go-bank/util/config.go:23.2,24.8 2 0
github.com/natanaelrusli/go-bank/util/currency.go:10.48,11.18 1 0
github.com/natanaelrusli/go-bank/util/currency.go:12.26,13.14 1 0
github.com/natanaelrusli/go-bank/util/currency.go:15.2,15.14 1 0
github.com/natanaelrusli/go-bank/util/password.go:9.52,12.16 2 4
github.com/natanaelrusli/go-bank/util/password.go:12.16,14.3 1 0
github.com/natanaelrusli/go-bank/util/password.go:16.2,16.36 1 4
github.com/natanaelrusli/go-bank/util/password.go:19.66,21.2 1 4
github.com/natanaelrusli/go-bank/util/random.go:10.13,12.2 1 0
github.com/natanaelrusli/go-bank/util/random.go:14.38,16.2 1 0
github.com/natanaelrusli/go-bank/util/random.go:20.33,24.25 3 5
github.com/natanaelrusli/go-bank/util/random.go:24.25,27.3 2 38
github.com/natanaelrusli/go-bank/util/random.go:29.2,29.20 1 5
github.com/natanaelrusli/go-bank/util/random.go:32.27,34.2 1 0
github.com/natanaelrusli/go-bank/util/random.go:36.26,38.2 1 0
github.com/natanaelrusli/go-bank/util/random.go:40.30,44.2 3 0
github.com/natanaelrusli/go-bank/util/random.go:46.27,48.2 1 0
github.com/natanaelrusli/go-bank/db/sqlc/account.sql.go:22.104,33.2 4 40
github.com/natanaelrusli/go-bank/db/sqlc/account.sql.go:51.96,62.2 4 31
github.com/natanaelrusli/go-bank/db/sqlc/account.sql.go:69.70,72.2 2 1
github.com/natanaelrusli/go-bank/db/sqlc/account.sql.go:79.78,90.2 4 6
github.com/natanaelrusli/go-bank/db/sqlc/account.sql.go:98.87,109.2 4 0
github.com/natanaelrusli/go-bank/db/sqlc/account.sql.go:123.96,125.16 2 2
github.com/natanaelrusli/go-bank/db/sqlc/account.sql.go:125.16,127.3 1 1
github.com/natanaelrusli/go-bank/db/sqlc/account.sql.go:128.2,130.18 3 1
github.com/natanaelrusli/go-bank/db/sqlc/account.sql.go:130.18,138.17 2 10
github.com/natanaelrusli/go-bank/db/sqlc/account.sql.go:138.17,140.4 1 0
github.com/natanaelrusli/go-bank/db/sqlc/account.sql.go:141.3,141.27 1 10
github.com/natanaelrusli/go-bank/db/sqlc/account.sql.go:143.2,143.37 1 1
github.com/natanaelrusli/go-bank/db/sqlc/account.sql.go:143.37,145.3 1 0
github.com/natanaelrusli/go-bank/db/sqlc/account.sql.go:146.2,146.35 1 1
github.com/natanaelrusli/go-bank/db/sqlc/account.sql.go:146.35,148.3 1 0
github.com/natanaelrusli/go-bank/db/sqlc/account.sql.go:149.2,149.19 1 1
github.com/natanaelrusli/go-bank/db/sqlc/account.sql.go:164.96,175.2 4 1
github.com/natanaelrusli/go-bank/db/sqlc/db.go:17.28,19.2 1 25
github.com/natanaelrusli/go-bank/db/sqlc/db.go:25.47,29.2 1 0
github.com/natanaelrusli/go-bank/db/sqlc/entries.sql.go:24.90,34.2 4 53
github.com/natanaelrusli/go-bank/db/sqlc/entries.sql.go:41.68,44.2 2 1
github.com/natanaelrusli/go-bank/db/sqlc/entries.sql.go:51.74,61.2 4 21
github.com/natanaelrusli/go-bank/db/sqlc/entries.sql.go:75.92,77.16 2 2
github.com/natanaelrusli/go-bank/db/sqlc/entries.sql.go:77.16,79.3 1 1
github.com/natanaelrusli/go-bank/db/sqlc/entries.sql.go:80.2,82.18 3 1
github.com/natanaelrusli/go-bank/db/sqlc/entries.sql.go:82.18,89.17 2 5
github.com/natanaelrusli/go-bank/db/sqlc/entries.sql.go:89.17,91.4 1 0
github.com/natanaelrusli/go-bank/db/sqlc/entries.sql.go:92.3,92.27 1 5
github.com/natanaelrusli/go-bank/db/sqlc/entries.sql.go:94.2,94.37 1 1
github.com/natanaelrusli/go-bank/db/sqlc/entries.sql.go:94.37,96.3 1 0
github.com/natanaelrusli/go-bank/db/sqlc/entries.sql.go:97.2,97.35 1 1
github.com/natanaelrusli/go-bank/db/sqlc/entries.sql.go:97.35,99.3 1 0
github.com/natanaelrusli/go-bank/db/sqlc/entries.sql.go:100.2,100.19 1 1
github.com/natanaelrusli/go-bank/db/sqlc/store.go:20.33,25.2 1 2
github.com/natanaelrusli/go-bank/db/sqlc/store.go:27.83,29.16 2 20
github.com/natanaelrusli/go-bank/db/sqlc/store.go:29.16,31.3 1 0
github.com/natanaelrusli/go-bank/db/sqlc/store.go:33.2,36.16 3 20
github.com/natanaelrusli/go-bank/db/sqlc/store.go:36.16,37.43 1 0
github.com/natanaelrusli/go-bank/db/sqlc/store.go:37.43,39.4 1 0
github.com/natanaelrusli/go-bank/db/sqlc/store.go:42.2,42.20 1 20
github.com/natanaelrusli/go-bank/db/sqlc/store.go:74.104,77.50 2 20
github.com/natanaelrusli/go-bank/db/sqlc/store.go:77.50,84.17 4 20
github.com/natanaelrusli/go-bank/db/sqlc/store.go:84.17,86.4 1 0
github.com/natanaelrusli/go-bank/db/sqlc/store.go:88.3,94.17 3 20
github.com/natanaelrusli/go-bank/db/sqlc/store.go:94.17,96.4 1 0
github.com/natanaelrusli/go-bank/db/sqlc/store.go:98.3,104.17 3 20
github.com/natanaelrusli/go-bank/db/sqlc/store.go:104.17,106.4 1 0
github.com/natanaelrusli/go-bank/db/sqlc/store.go:108.3,108.42 1 20
github.com/natanaelrusli/go-bank/db/sqlc/store.go:108.42,110.4 1 15
github.com/natanaelrusli/go-bank/db/sqlc/store.go:110.9,112.4 1 5
github.com/natanaelrusli/go-bank/db/sqlc/store.go:114.3,114.13 1 20
github.com/natanaelrusli/go-bank/db/sqlc/store.go:117.2,117.20 1 20
github.com/natanaelrusli/go-bank/db/sqlc/store.go:120.96,123.50 2 0
github.com/natanaelrusli/go-bank/db/sqlc/store.go:123.50,127.3 2 0
github.com/natanaelrusli/go-bank/db/sqlc/store.go:129.2,129.16 1 0
github.com/natanaelrusli/go-bank/db/sqlc/store.go:129.16,131.3 1 0
github.com/natanaelrusli/go-bank/db/sqlc/store.go:133.2,133.20 1 0
github.com/natanaelrusli/go-bank/db/sqlc/store.go:143.51,148.16 2 20
github.com/natanaelrusli/go-bank/db/sqlc/store.go:148.16,150.3 1 0
github.com/natanaelrusli/go-bank/db/sqlc/store.go:152.2,157.8 2 20
github.com/natanaelrusli/go-bank/db/sqlc/transfers.sql.go:26.99,37.2 4 21
github.com/natanaelrusli/go-bank/db/sqlc/transfers.sql.go:44.80,55.2 4 12
github.com/natanaelrusli/go-bank/db/sqlc/transfers.sql.go:69.99,71.16 2 2
github.com/natanaelrusli/go-bank/db/sqlc/transfers.sql.go:71.16,73.3 1 1
github.com/natanaelrusli/go-bank/db/sqlc/transfers.sql.go:74.2,76.18 3 1
github.com/natanaelrusli/go-bank/db/sqlc/transfers.sql.go:76.18,84.17 2 5
github.com/natanaelrusli/go-bank/db/sqlc/transfers.sql.go:84.17,86.4 1 0
github.com/natanaelrusli/go-bank/db/sqlc/transfers.sql.go:87.3,87.27 1 5
github.com/natanaelrusli/go-bank/db/sqlc/transfers.sql.go:89.2,89.37 1 1
github.com/natanaelrusli/go-bank/db/sqlc/transfers.sql.go:89.37,91.3 1 0
github.com/natanaelrusli/go-bank/db/sqlc/transfers.sql.go:92.2,92.35 1 1
github.com/natanaelrusli/go-bank/db/sqlc/transfers.sql.go:92.35,94.3 1 0
github.com/natanaelrusli/go-bank/db/sqlc/transfers.sql.go:95.2,95.19 1 1
github.com/natanaelrusli/go-bank/db/sqlc/users.sql.go:28.87,45.2 4 32
github.com/natanaelrusli/go-bank/db/sqlc/users.sql.go:52.79,64.2 4 1
github.com/natanaelrusli/go-bank/util/config.go:11.57,19.16 6 1
github.com/natanaelrusli/go-bank/util/config.go:19.16,21.3 1 0
github.com/natanaelrusli/go-bank/util/config.go:23.2,24.8 2 1
github.com/natanaelrusli/go-bank/util/currency.go:10.48,11.18 1 0
github.com/natanaelrusli/go-bank/util/currency.go:12.26,13.14 1 0
github.com/natanaelrusli/go-bank/util/currency.go:15.2,15.14 1 0
github.com/natanaelrusli/go-bank/util/password.go:9.52,12.16 2 32
github.com/natanaelrusli/go-bank/util/password.go:12.16,14.3 1 0
github.com/natanaelrusli/go-bank/util/password.go:16.2,16.36 1 32
github.com/natanaelrusli/go-bank/util/password.go:19.66,21.2 1 0
github.com/natanaelrusli/go-bank/util/random.go:10.13,12.2 1 0
github.com/natanaelrusli/go-bank/util/random.go:14.38,16.2 1 74
github.com/natanaelrusli/go-bank/util/random.go:20.33,24.25 3 129
github.com/natanaelrusli/go-bank/util/random.go:24.25,27.3 2 966
github.com/natanaelrusli/go-bank/util/random.go:29.2,29.20 1 129
github.com/natanaelrusli/go-bank/util/random.go:32.27,34.2 1 65
github.com/natanaelrusli/go-bank/util/random.go:36.26,38.2 1 50
github.com/natanaelrusli/go-bank/util/random.go:40.30,44.2 3 31
github.com/natanaelrusli/go-bank/util/random.go:46.27,48.2 1 32
